--------------------------------------------------------------------------------
Release 14.7 Trace  (nt)
Copyright (c) 1995-2013 Xilinx, Inc.  All rights reserved.

C:\Xilinx\14.7\ISE_DS\ISE\bin\nt\unwrapped\trce.exe -intstyle ise -v 3 -s 3 -n
3 -fastpaths -xml Top.twx Top.ncd -o Top.twr Top.pcf -ucf Top.ucf

Design file:              Top.ncd
Physical constraint file: Top.pcf
Device,package,speed:     xc6slx16,csg324,C,-3 (PRODUCTION 1.23 2013-10-13)
Report level:             verbose report

Environment Variable      Effect 
--------------------      ------ 
NONE                      No environment variables were set
--------------------------------------------------------------------------------

INFO:Timing:2698 - No timing constraints found, doing default enumeration.
INFO:Timing:3412 - To improve timing, see the Timing Closure User Guide (UG612).
INFO:Timing:2752 - To get complete path coverage, use the unconstrained paths 
   option. All paths that are not constrained will be reported in the 
   unconstrained paths section(s) of the report.
INFO:Timing:3339 - The clock-to-out numbers in this timing report are based on 
   a 50 Ohm transmission line loading model.  For the details of this model, 
   and for more information on accounting for different loading conditions, 
   please see the device datasheet.



Data Sheet report:
-----------------
All values displayed in nanoseconds (ns)

Setup/Hold to clock iClk
------------+------------+------------+------------+------------+------------------+--------+
            |Max Setup to|  Process   |Max Hold to |  Process   |                  | Clock  |
Source      | clk (edge) |   Corner   | clk (edge) |   Corner   |Internal Clock(s) | Phase  |
------------+------------+------------+------------+------------+------------------+--------+
PS2_CLK     |    0.255(R)|      FAST  |    0.629(R)|      SLOW  |iClk_BUFGP        |   0.000|
PS2_DATA    |    2.062(R)|      SLOW  |    0.452(R)|      SLOW  |iClk_BUFGP        |   0.000|
iReset      |    5.977(R)|      SLOW  |   -1.387(R)|      FAST  |iClk_BUFGP        |   0.000|
------------+------------+------------+------------+------------+------------------+--------+

Clock iClk to Pad
------------+-----------------+------------+-----------------+------------+------------------+--------+
            |Max (slowest) clk|  Process   |Min (fastest) clk|  Process   |                  | Clock  |
Destination |  (edge) to PAD  |   Corner   |  (edge) to PAD  |   Corner   |Internal Clock(s) | Phase  |
------------+-----------------+------------+-----------------+------------+------------------+--------+
LedMouse<0> |         8.934(R)|      SLOW  |         5.058(R)|      FAST  |iClk_BUFGP        |   0.000|
LedMouse<1> |         8.722(R)|      SLOW  |         4.938(R)|      FAST  |iClk_BUFGP        |   0.000|
LedMouse<2> |         9.647(R)|      SLOW  |         5.514(R)|      FAST  |iClk_BUFGP        |   0.000|
LedMouse<3> |         9.639(R)|      SLOW  |         5.506(R)|      FAST  |iClk_BUFGP        |   0.000|
LedMouse<4> |         9.014(R)|      SLOW  |         5.064(R)|      FAST  |iClk_BUFGP        |   0.000|
LedMouse<5> |         9.014(R)|      SLOW  |         5.064(R)|      FAST  |iClk_BUFGP        |   0.000|
LedMouse<6> |         9.302(R)|      SLOW  |         5.240(R)|      FAST  |iClk_BUFGP        |   0.000|
LedMouse<7> |         9.311(R)|      SLOW  |         5.249(R)|      FAST  |iClk_BUFGP        |   0.000|
PS2_CLK     |         8.282(R)|      SLOW  |         4.099(R)|      FAST  |iClk_BUFGP        |   0.000|
PS2_DATA    |         9.222(R)|      SLOW  |         4.380(R)|      FAST  |iClk_BUFGP        |   0.000|
------------+-----------------+------------+-----------------+------------+------------------+--------+

Clock to Setup on destination clock iClk
---------------+---------+---------+---------+---------+
               | Src:Rise| Src:Fall| Src:Rise| Src:Fall|
Source Clock   |Dest:Rise|Dest:Rise|Dest:Fall|Dest:Fall|
---------------+---------+---------+---------+---------+
iClk           |    4.626|         |         |         |
---------------+---------+---------+---------+---------+


Analysis completed Fri Oct 31 19:47:36 2014 
--------------------------------------------------------------------------------

Trace Settings:
-------------------------
Trace Settings 

Peak Memory Usage: 154 MB



